\BOOKMARK [0][-]{Hilfszaehler.2}{Nomenklatur}{}% 1
\BOOKMARK [0][-]{Hilfszaehler.3}{Abbildungsverzeichnis}{}% 2
\BOOKMARK [0][-]{Hilfszaehler.4}{Tabellenverzeichnis}{}% 3
\BOOKMARK [0][-]{Hilfszaehler.5}{Vorwort}{}% 4
\BOOKMARK [0][-]{chapter.1}{Einf\374hrung}{}% 5
\BOOKMARK [0][-]{chapter.2}{Motivation und Ziele}{}% 6
\BOOKMARK [0][-]{chapter.3}{Grundlagen}{}% 7
\BOOKMARK [1][-]{section.3.1}{Thermodynamik}{chapter.3}% 8
\BOOKMARK [2][-]{subsection.3.1.1}{Kaltdampf-K\344lteprozess}{section.3.1}% 9
\BOOKMARK [2][-]{subsection.3.1.2}{Feuchte Luft}{section.3.1}% 10
\BOOKMARK [2][-]{subsection.3.1.3}{Reif- und Eisbildung}{section.3.1}% 11
\BOOKMARK [1][-]{section.3.2}{K\344ltetechnik}{chapter.3}% 12
\BOOKMARK [2][-]{subsection.3.2.1}{Komponenten eines Kaltdampfprozesses}{section.3.2}% 13
\BOOKMARK [2][-]{subsection.3.2.2}{Abtaumethoden}{section.3.2}% 14
\BOOKMARK [1][-]{section.3.3}{Federn}{chapter.3}% 15
\BOOKMARK [0][-]{chapter.4}{Stand der Technik}{}% 16
\BOOKMARK [0][-]{chapter.5}{Versuchsaufbau}{}% 17
\BOOKMARK [1][-]{section.5.1}{K\344ltetechnischer Aufbau}{chapter.5}% 18
\BOOKMARK [1][-]{section.5.2}{W\344gesystem}{chapter.5}% 19
\BOOKMARK [2][-]{subsection.5.2.1}{Messtechnik}{section.5.2}% 20
\BOOKMARK [2][-]{subsection.5.2.2}{Konstruktion}{section.5.2}% 21
\BOOKMARK [1][-]{section.5.3}{Elektrischer Aufbau}{chapter.5}% 22
\BOOKMARK [2][-]{subsection.5.3.1}{Modbus RTU}{section.5.3}% 23
\BOOKMARK [1][-]{section.5.4}{Informationstechnischer Aufbau}{chapter.5}% 24
\BOOKMARK [2][-]{subsection.5.4.1}{Status Maschine}{section.5.4}% 25
\BOOKMARK [2][-]{subsection.5.4.2}{Modbus RTU}{section.5.4}% 26
\BOOKMARK [2][-]{subsection.5.4.3}{Grafical User Interface - GUI}{section.5.4}% 27
\BOOKMARK [2][-]{subsection.5.4.4}{Anlagenschutz}{section.5.4}% 28
\BOOKMARK [0][-]{chapter.6}{Inbetriebnahme}{}% 29
\BOOKMARK [1][-]{section.6.1}{K\344lteanlage}{chapter.6}% 30
\BOOKMARK [1][-]{section.6.2}{Kalibrierung: W\344gesystem}{chapter.6}% 31
\BOOKMARK [0][-]{Hilfszaehler.6}{Literaturverzeichnis}{}% 32
\BOOKMARK [0][-]{appendix.A}{Wichtiger Anhang 1}{}% 33
\BOOKMARK [1][-]{section.A.1}{Die Versalien}{appendix.A}% 34
\BOOKMARK [0][-]{appendix.B}{\304hnlich wichtiger Anhang}{}% 35
